# JRE version: OpenJDK Runtime Environment (11.0.12+7) (build 11.0.12+7-b1504.28-7817840)
# Java VM: OpenJDK 64-Bit Server VM (11.0.12+7-b1504.28-7817840, mixed mode, tiered, compressed oops, g1 gc, windows-amd64)
Heap:
 garbage-first heap   total 363520K, used 176513K [0x0000000080000000, 0x0000000100000000)
  region size 1024K, 2 young (2048K), 2 survivors (2048K)
 Metaspace       used 143478K, capacity 147396K, committed 147660K, reserved 1177600K
  class space    used 17867K, capacity 19278K, committed 19404K, reserved 1048576K
GC Heap History (20 events):
Event: 57.402 GC heap after
{Heap after GC invocations=87 (full 0):
 garbage-first heap   total 284672K, used 165010K [0x0000000080000000, 0x0000000100000000)
  region size 1024K, 3 young (3072K), 3 survivors (3072K)
 Metaspace       used 143393K, capacity 147309K, committed 147532K, reserved 1177600K
  class space    used 17862K, capacity 19270K, committed 19276K, reserved 1048576K
}
Event: 57.617 GC heap before
{Heap before GC invocations=87 (full 0):
 garbage-first heap   total 284672K, used 241810K [0x0000000080000000, 0x0000000100000000)
  region size 1024K, 78 young (79872K), 3 survivors (3072K)
 Metaspace       used 143409K, capacity 147317K, committed 147532K, reserved 1177600K
  class space    used 17863K, capacity 19273K, committed 19276K, reserved 1048576K
}
Event: 57.621 GC heap after
{Heap after GC invocations=88 (full 0):
 garbage-first heap   total 284672K, used 166292K [0x0000000080000000, 0x0000000100000000)
  region size 1024K, 4 young (4096K), 4 survivors (4096K)
 Metaspace       used 143409K, capacity 147317K, committed 147532K, reserved 1177600K
  class space    used 17863K, capacity 19273K, committed 19276K, reserved 1048576K
}
Event: 57.848 GC heap before
{Heap before GC invocations=88 (full 0):
 garbage-first heap   total 284672K, used 243092K [0x0000000080000000, 0x0000000100000000)
  region size 1024K, 79 young (80896K), 4 survivors (4096K)
 Metaspace       used 143416K, capacity 147325K, committed 147532K, reserved 1177600K
  class space    used 17865K, capacity 19276K, committed 19276K, reserved 1048576K
}
Event: 57.852 GC heap after
{Heap after GC invocations=89 (full 0):
 garbage-first heap   total 284672K, used 165621K [0x0000000080000000, 0x0000000100000000)
  region size 1024K, 4 young (4096K), 4 survivors (4096K)
 Metaspace       used 143416K, capacity 147325K, committed 147532K, reserved 1177600K
  class space    used 17865K, capacity 19276K, committed 19276K, reserved 1048576K
}
Event: 58.255 GC heap before
{Heap before GC invocations=89 (full 0):
 garbage-first heap   total 284672K, used 243445K [0x0000000080000000, 0x0000000100000000)
  region size 1024K, 81 young (82944K), 4 survivors (4096K)
 Metaspace       used 143439K, capacity 147327K, committed 147660K, reserved 1177600K
  class space    used 17866K, capacity 19277K, committed 19404K, reserved 1048576K
}
Event: 58.257 GC heap after
{Heap after GC invocations=90 (full 0):
 garbage-first heap   total 284672K, used 164244K [0x0000000080000000, 0x0000000100000000)
  region size 1024K, 2 young (2048K), 2 survivors (2048K)
 Metaspace       used 143439K, capacity 147327K, committed 147660K, reserved 1177600K
  class space    used 17866K, capacity 19277K, committed 19404K, reserved 1048576K
}
Event: 58.491 GC heap before
{Heap before GC invocations=90 (full 0):
 garbage-first heap   total 284672K, used 245140K [0x0000000080000000, 0x0000000100000000)
  region size 1024K, 81 young (82944K), 2 survivors (2048K)
 Metaspace       used 143447K, capacity 147327K, committed 147660K, reserved 1177600K
  class space    used 17866K, capacity 19277K, committed 19404K, reserved 1048576K
}
Event: 58.496 GC heap after
{Heap after GC invocations=91 (full 0):
 garbage-first heap   total 284672K, used 166239K [0x0000000080000000, 0x0000000100000000)
  region size 1024K, 4 young (4096K), 4 survivors (4096K)
 Metaspace       used 143447K, capacity 147327K, committed 147660K, reserved 1177600K
  class space    used 17866K, capacity 19277K, committed 19404K, reserved 1048576K
}
Event: 58.699 GC heap before
{Heap before GC invocations=91 (full 0):
 garbage-first heap   total 284672K, used 246111K [0x0000000080000000, 0x0000000100000000)
  region size 1024K, 82 young (83968K), 4 survivors (4096K)
 Metaspace       used 143453K, capacity 147327K, committed 147660K, reserved 1177600K
  class space    used 17866K, capacity 19277K, committed 19404K, reserved 1048576K
}
Event: 58.704 GC heap after
{Heap after GC invocations=92 (full 0):
 garbage-first heap   total 284672K, used 166795K [0x0000000080000000, 0x0000000100000000)
  region size 1024K, 5 young (5120K), 5 survivors (5120K)
 Metaspace       used 143453K, capacity 147327K, committed 147660K, reserved 1177600K
  class space    used 17866K, capacity 19277K, committed 19404K, reserved 1048576K
}
Event: 58.965 GC heap before
{Heap before GC invocations=92 (full 0):
 garbage-first heap   total 284672K, used 244619K [0x0000000080000000, 0x0000000100000000)
  region size 1024K, 82 young (83968K), 5 survivors (5120K)
 Metaspace       used 143462K, capacity 147329K, committed 147660K, reserved 1177600K
  class space    used 17866K, capacity 19277K, committed 19404K, reserved 1048576K
}
Event: 58.980 GC heap after
{Heap after GC invocations=93 (full 0):
 garbage-first heap   total 284672K, used 169298K [0x0000000080000000, 0x0000000100000000)
  region size 1024K, 7 young (7168K), 7 survivors (7168K)
 Metaspace       used 143462K, capacity 147329K, committed 147660K, reserved 1177600K
  class space    used 17866K, capacity 19277K, committed 19404K, reserved 1048576K
}
Event: 59.285 GC heap before
{Heap before GC invocations=93 (full 0):
 garbage-first heap   total 284672K, used 246098K [0x0000000080000000, 0x0000000100000000)
  region size 1024K, 82 young (83968K), 7 survivors (7168K)
 Metaspace       used 143465K, capacity 147329K, committed 147660K, reserved 1177600K
  class space    used 17866K, capacity 19277K, committed 19404K, reserved 1048576K
}
Event: 59.292 GC heap after
{Heap after GC invocations=94 (full 0):
 garbage-first heap   total 284672K, used 169189K [0x0000000080000000, 0x0000000100000000)
  region size 1024K, 6 young (6144K), 6 survivors (6144K)
 Metaspace       used 143465K, capacity 147329K, committed 147660K, reserved 1177600K
  class space    used 17866K, capacity 19277K, committed 19404K, reserved 1048576K
}
Event: 59.484 GC heap before
{Heap before GC invocations=94 (full 0):
 garbage-first heap   total 284672K, used 245989K [0x0000000080000000, 0x0000000100000000)
  region size 1024K, 82 young (83968K), 6 survivors (6144K)
 Metaspace       used 143467K, capacity 147393K, committed 147660K, reserved 1177600K
  class space    used 17866K, capacity 19277K, committed 19404K, reserved 1048576K
}
Event: 59.494 GC heap after
{Heap after GC invocations=95 (full 0):
 garbage-first heap   total 284672K, used 171917K [0x0000000080000000, 0x0000000100000000)
  region size 1024K, 9 young (9216K), 9 survivors (9216K)
 Metaspace       used 143467K, capacity 147393K, committed 147660K, reserved 1177600K
  class space    used 17866K, capacity 19277K, committed 19404K, reserved 1048576K
}
Event: 59.968 GC heap before
{Heap before GC invocations=95 (full 0):
 garbage-first heap   total 284672K, used 245645K [0x0000000080000000, 0x0000000100000000)
  region size 1024K, 81 young (82944K), 9 survivors (9216K)
 Metaspace       used 143473K, capacity 147393K, committed 147660K, reserved 1177600K
  class space    used 17866K, capacity 19277K, committed 19404K, reserved 1048576K
}
Event: 59.983 GC heap after
{Heap after GC invocations=96 (full 0):
 garbage-first heap   total 284672K, used 175230K [0x0000000080000000, 0x0000000100000000)
  region size 1024K, 9 young (9216K), 9 survivors (9216K)
 Metaspace       used 143473K, capacity 147393K, committed 147660K, reserved 1177600K
  class space    used 17866K, capacity 19277K, committed 19404K, reserved 1048576K
}
Event: 60.612 GC heap before
{Heap before GC invocations=96 (full 0):
 garbage-first heap   total 284672K, used 241790K [0x0000000080000000, 0x0000000100000000)
  region size 1024K, 75 young (76800K), 9 survivors (9216K)
 Metaspace       used 143478K, capacity 147396K, committed 147660K, reserved 1177600K
  class space    used 17867K, capacity 19278K, committed 19404K, reserved 1048576K
}

