# JRE version: OpenJDK Runtime Environment (11.0.12+7) (build 11.0.12+7-b1504.28-7817840)
# Java VM: OpenJDK 64-Bit Server VM (11.0.12+7-b1504.28-7817840, mixed mode, tiered, compressed oops, g1 gc, windows-amd64)
Heap:
 garbage-first heap   total 355328K, used 259950K [0x0000000080000000, 0x0000000100000000)
  region size 1024K, 63 young (64512K), 5 survivors (5120K)
 Metaspace       used 144480K, capacity 148293K, committed 148480K, reserved 1177600K
  class space    used 17916K, capacity 19324K, committed 19456K, reserved 1048576K
GC Heap History (20 events):
Event: 251.548 GC heap before
{Heap before GC invocations=106 (full 0):
 garbage-first heap   total 295936K, used 259717K [0x0000000080000000, 0x0000000100000000)
  region size 1024K, 63 young (64512K), 3 survivors (3072K)
 Metaspace       used 143880K, capacity 147639K, committed 148224K, reserved 1177600K
  class space    used 17857K, capacity 19228K, committed 19456K, reserved 1048576K
}
Event: 251.558 GC heap after
{Heap after GC invocations=107 (full 0):
 garbage-first heap   total 295936K, used 198738K [0x0000000080000000, 0x0000000100000000)
  region size 1024K, 3 young (3072K), 3 survivors (3072K)
 Metaspace       used 143880K, capacity 147639K, committed 148224K, reserved 1177600K
  class space    used 17857K, capacity 19228K, committed 19456K, reserved 1048576K
}
Event: 251.732 GC heap before
{Heap before GC invocations=107 (full 0):
 garbage-first heap   total 295936K, used 261202K [0x0000000080000000, 0x0000000100000000)
  region size 1024K, 64 young (65536K), 3 survivors (3072K)
 Metaspace       used 143889K, capacity 147642K, committed 148224K, reserved 1177600K
  class space    used 17857K, capacity 19228K, committed 19456K, reserved 1048576K
}
Event: 251.738 GC heap after
{Heap after GC invocations=108 (full 0):
 garbage-first heap   total 295936K, used 199976K [0x0000000080000000, 0x0000000100000000)
  region size 1024K, 4 young (4096K), 4 survivors (4096K)
 Metaspace       used 143889K, capacity 147642K, committed 148224K, reserved 1177600K
  class space    used 17857K, capacity 19228K, committed 19456K, reserved 1048576K
}
Event: 251.929 GC heap before
{Heap before GC invocations=108 (full 0):
 garbage-first heap   total 295936K, used 261416K [0x0000000080000000, 0x0000000100000000)
  region size 1024K, 64 young (65536K), 4 survivors (4096K)
 Metaspace       used 143895K, capacity 147642K, committed 148224K, reserved 1177600K
  class space    used 17857K, capacity 19228K, committed 19456K, reserved 1048576K
}
Event: 251.934 GC heap after
{Heap after GC invocations=109 (full 0):
 garbage-first heap   total 295936K, used 199707K [0x0000000080000000, 0x0000000100000000)
  region size 1024K, 4 young (4096K), 4 survivors (4096K)
 Metaspace       used 143895K, capacity 147642K, committed 148224K, reserved 1177600K
  class space    used 17857K, capacity 19228K, committed 19456K, reserved 1048576K
}
Event: 252.206 GC heap before
{Heap before GC invocations=109 (full 0):
 garbage-first heap   total 295936K, used 261147K [0x0000000080000000, 0x0000000100000000)
  region size 1024K, 64 young (65536K), 4 survivors (4096K)
 Metaspace       used 143948K, capacity 147707K, committed 148224K, reserved 1177600K
  class space    used 17857K, capacity 19228K, committed 19456K, reserved 1048576K
}
Event: 252.212 GC heap after
{Heap after GC invocations=110 (full 0):
 garbage-first heap   total 295936K, used 199996K [0x0000000080000000, 0x0000000100000000)
  region size 1024K, 4 young (4096K), 4 survivors (4096K)
 Metaspace       used 143948K, capacity 147707K, committed 148224K, reserved 1177600K
  class space    used 17857K, capacity 19228K, committed 19456K, reserved 1048576K
}
Event: 252.520 GC heap before
{Heap before GC invocations=110 (full 0):
 garbage-first heap   total 295936K, used 260412K [0x0000000080000000, 0x0000000100000000)
  region size 1024K, 64 young (65536K), 4 survivors (4096K)
 Metaspace       used 143950K, capacity 147707K, committed 148224K, reserved 1177600K
  class space    used 17857K, capacity 19228K, committed 19456K, reserved 1048576K
}
Event: 252.526 GC heap after
{Heap after GC invocations=111 (full 0):
 garbage-first heap   total 295936K, used 199906K [0x0000000080000000, 0x0000000100000000)
  region size 1024K, 4 young (4096K), 4 survivors (4096K)
 Metaspace       used 143950K, capacity 147707K, committed 148224K, reserved 1177600K
  class space    used 17857K, capacity 19228K, committed 19456K, reserved 1048576K
}
Event: 252.714 GC heap before
{Heap before GC invocations=111 (full 0):
 garbage-first heap   total 295936K, used 261346K [0x0000000080000000, 0x0000000100000000)
  region size 1024K, 64 young (65536K), 4 survivors (4096K)
 Metaspace       used 143959K, capacity 147708K, committed 148224K, reserved 1177600K
  class space    used 17857K, capacity 19228K, committed 19456K, reserved 1048576K
}
Event: 252.724 GC heap after
{Heap after GC invocations=112 (full 0):
 garbage-first heap   total 355328K, used 200213K [0x0000000080000000, 0x0000000100000000)
  region size 1024K, 5 young (5120K), 5 survivors (5120K)
 Metaspace       used 143959K, capacity 147708K, committed 148224K, reserved 1177600K
  class space    used 17857K, capacity 19228K, committed 19456K, reserved 1048576K
}
Event: 253.363 GC heap before
{Heap before GC invocations=112 (full 0):
 garbage-first heap   total 355328K, used 291349K [0x0000000080000000, 0x0000000100000000)
  region size 1024K, 94 young (96256K), 5 survivors (5120K)
 Metaspace       used 144325K, capacity 148200K, committed 148480K, reserved 1177600K
  class space    used 17915K, capacity 19322K, committed 19456K, reserved 1048576K
}
Event: 253.374 GC heap after
{Heap after GC invocations=113 (full 0):
 garbage-first heap   total 355328K, used 201557K [0x0000000080000000, 0x0000000100000000)
  region size 1024K, 6 young (6144K), 6 survivors (6144K)
 Metaspace       used 144325K, capacity 148200K, committed 148480K, reserved 1177600K
  class space    used 17915K, capacity 19322K, committed 19456K, reserved 1048576K
}
Event: 253.904 GC heap before
{Heap before GC invocations=113 (full 0):
 garbage-first heap   total 355328K, used 295765K [0x0000000080000000, 0x0000000100000000)
  region size 1024K, 97 young (99328K), 6 survivors (6144K)
 Metaspace       used 144459K, capacity 148291K, committed 148480K, reserved 1177600K
  class space    used 17916K, capacity 19324K, committed 19456K, reserved 1048576K
}
Event: 253.913 GC heap after
{Heap after GC invocations=114 (full 0):
 garbage-first heap   total 355328K, used 200396K [0x0000000080000000, 0x0000000100000000)
  region size 1024K, 4 young (4096K), 4 survivors (4096K)
 Metaspace       used 144459K, capacity 148291K, committed 148480K, reserved 1177600K
  class space    used 17916K, capacity 19324K, committed 19456K, reserved 1048576K
}
Event: 254.610 GC heap before
{Heap before GC invocations=114 (full 0):
 garbage-first heap   total 355328K, used 300748K [0x0000000080000000, 0x0000000100000000)
  region size 1024K, 102 young (104448K), 4 survivors (4096K)
 Metaspace       used 144469K, capacity 148291K, committed 148480K, reserved 1177600K
  class space    used 17916K, capacity 19324K, committed 19456K, reserved 1048576K
}
Event: 254.619 GC heap after
{Heap after GC invocations=115 (full 0):
 garbage-first heap   total 355328K, used 201281K [0x0000000080000000, 0x0000000100000000)
  region size 1024K, 5 young (5120K), 5 survivors (5120K)
 Metaspace       used 144469K, capacity 148291K, committed 148480K, reserved 1177600K
  class space    used 17916K, capacity 19324K, committed 19456K, reserved 1048576K
}
Event: 255.109 GC heap before
{Heap before GC invocations=115 (full 0):
 garbage-first heap   total 355328K, used 301633K [0x0000000080000000, 0x0000000100000000)
  region size 1024K, 103 young (105472K), 5 survivors (5120K)
 Metaspace       used 144475K, capacity 148293K, committed 148480K, reserved 1177600K
  class space    used 17916K, capacity 19324K, committed 19456K, reserved 1048576K
}
Event: 255.119 GC heap after
{Heap after GC invocations=116 (full 0):
 garbage-first heap   total 355328K, used 201582K [0x0000000080000000, 0x0000000100000000)
  region size 1024K, 5 young (5120K), 5 survivors (5120K)
 Metaspace       used 144475K, capacity 148293K, committed 148480K, reserved 1177600K
  class space    used 17916K, capacity 19324K, committed 19456K, reserved 1048576K
}

